<?xml version="1.0" encoding="UTF-8"?>
<testng-results skipped="0" failed="3" ignored="0" total="13" passed="10">
  <reporter-output>
  </reporter-output>
  <suite name="Suite" duration-ms="102034" started-at="2021-08-23T15:11:57 GST" finished-at="2021-08-23T15:13:39 GST">
    <groups>
    </groups>
    <test name="Functional Test" duration-ms="102034" started-at="2021-08-23T15:11:57 GST" finished-at="2021-08-23T15:13:39 GST">
      <class name="com.petclinic.testcases.HomePageTestCases">
        <test-method status="PASS" signature="setUp()[pri:0, instance:com.petclinic.testcases.HomePageTestCases@741a8937]" name="setUp" is-config="true" duration-ms="2127" started-at="2021-08-23T15:12:01 GST" finished-at="2021-08-23T15:12:03 GST">
          <reporter-output>
          </reporter-output>
        </test-method> <!-- setUp -->
        <test-method status="PASS" signature="applicationLogoVerificationTest()[pri:1, instance:com.petclinic.testcases.HomePageTestCases@741a8937]" name="applicationLogoVerificationTest" duration-ms="141" started-at="2021-08-23T15:12:03 GST" finished-at="2021-08-23T15:12:03 GST">
          <reporter-output>
          </reporter-output>
        </test-method> <!-- applicationLogoVerificationTest -->
        <test-method status="PASS" signature="tearDown()[pri:0, instance:com.petclinic.testcases.HomePageTestCases@741a8937]" name="tearDown" is-config="true" duration-ms="856" started-at="2021-08-23T15:12:03 GST" finished-at="2021-08-23T15:12:04 GST">
          <reporter-output>
          </reporter-output>
        </test-method> <!-- tearDown -->
        <test-method status="PASS" signature="setUp()[pri:0, instance:com.petclinic.testcases.HomePageTestCases@741a8937]" name="setUp" is-config="true" duration-ms="2295" started-at="2021-08-23T15:12:04 GST" finished-at="2021-08-23T15:12:06 GST">
          <reporter-output>
          </reporter-output>
        </test-method> <!-- setUp -->
        <test-method status="PASS" signature="do_HomePageURLVerificationTest()[pri:2, instance:com.petclinic.testcases.HomePageTestCases@741a8937]" name="do_HomePageURLVerificationTest" duration-ms="18" started-at="2021-08-23T15:12:06 GST" finished-at="2021-08-23T15:12:06 GST">
          <reporter-output>
          </reporter-output>
        </test-method> <!-- do_HomePageURLVerificationTest -->
        <test-method status="PASS" signature="tearDown()[pri:0, instance:com.petclinic.testcases.HomePageTestCases@741a8937]" name="tearDown" is-config="true" duration-ms="914" started-at="2021-08-23T15:12:06 GST" finished-at="2021-08-23T15:12:07 GST">
          <reporter-output>
          </reporter-output>
        </test-method> <!-- tearDown -->
        <test-method status="PASS" signature="setUp()[pri:0, instance:com.petclinic.testcases.HomePageTestCases@741a8937]" name="setUp" is-config="true" duration-ms="2401" started-at="2021-08-23T15:12:07 GST" finished-at="2021-08-23T15:12:10 GST">
          <reporter-output>
          </reporter-output>
        </test-method> <!-- setUp -->
        <test-method status="PASS" signature="do_HomePageTitleVerificationTest()[pri:3, instance:com.petclinic.testcases.HomePageTestCases@741a8937]" name="do_HomePageTitleVerificationTest" duration-ms="12" started-at="2021-08-23T15:12:10 GST" finished-at="2021-08-23T15:12:10 GST">
          <reporter-output>
          </reporter-output>
        </test-method> <!-- do_HomePageTitleVerificationTest -->
        <test-method status="PASS" signature="tearDown()[pri:0, instance:com.petclinic.testcases.HomePageTestCases@741a8937]" name="tearDown" is-config="true" duration-ms="882" started-at="2021-08-23T15:12:10 GST" finished-at="2021-08-23T15:12:11 GST">
          <reporter-output>
          </reporter-output>
        </test-method> <!-- tearDown -->
      </class> <!-- com.petclinic.testcases.HomePageTestCases -->
      <class name="com.petclinic.testcases.PetsPageTestCases">
        <test-method status="PASS" signature="setUp()[pri:0, instance:com.petclinic.testcases.PetsPageTestCases@52af26ee]" name="setUp" is-config="true" duration-ms="2437" started-at="2021-08-23T15:12:19 GST" finished-at="2021-08-23T15:12:21 GST">
          <reporter-output>
          </reporter-output>
        </test-method> <!-- setUp -->
        <test-method status="PASS" signature="do_RedirectToNewPetPageTest()[pri:1, instance:com.petclinic.testcases.PetsPageTestCases@52af26ee]" name="do_RedirectToNewPetPageTest" duration-ms="1299" started-at="2021-08-23T15:12:21 GST" finished-at="2021-08-23T15:12:23 GST">
          <reporter-output>
          </reporter-output>
        </test-method> <!-- do_RedirectToNewPetPageTest -->
        <test-method status="PASS" signature="tearDown()[pri:0, instance:com.petclinic.testcases.PetsPageTestCases@52af26ee]" name="tearDown" is-config="true" duration-ms="829" started-at="2021-08-23T15:12:23 GST" finished-at="2021-08-23T15:12:23 GST">
          <reporter-output>
          </reporter-output>
        </test-method> <!-- tearDown -->
        <test-method status="PASS" signature="setUp()[pri:0, instance:com.petclinic.testcases.PetsPageTestCases@52af26ee]" name="setUp" is-config="true" duration-ms="2233" started-at="2021-08-23T15:12:23 GST" finished-at="2021-08-23T15:12:26 GST">
          <reporter-output>
          </reporter-output>
        </test-method> <!-- setUp -->
        <test-method status="FAIL" signature="do_AddNewPetForExistingOwnerTest()[pri:2, instance:com.petclinic.testcases.PetsPageTestCases@52af26ee]" name="do_AddNewPetForExistingOwnerTest" duration-ms="30240" started-at="2021-08-23T15:12:26 GST" finished-at="2021-08-23T15:12:56 GST">
          <exception class="org.openqa.selenium.NoSuchElementException">
            <message>
              <![CDATA[Timed out after 30 seconds. Unable to locate the element]]>
            </message>
            <full-stacktrace>
              <![CDATA[org.openqa.selenium.NoSuchElementException: Timed out after 30 seconds. Unable to locate the element
at org.openqa.selenium.support.pagefactory.AjaxElementLocator.findElement(AjaxElementLocator.java:99)
at org.openqa.selenium.support.pagefactory.internal.LocatingElementHandler.invoke(LocatingElementHandler.java:38)
at com.sun.proxy.$Proxy12.getText(Unknown Source)
at com.petclinic.actions.PetsPageActions.do_AddNewPetForExistingOwner(PetsPageActions.java:48)
at com.petclinic.testcases.PetsPageTestCases.do_AddNewPetForExistingOwnerTest(PetsPageTestCases.java:54)
at sun.reflect.NativeMethodAccessorImpl.invoke0(Native Method)
at sun.reflect.NativeMethodAccessorImpl.invoke(NativeMethodAccessorImpl.java:62)
at sun.reflect.DelegatingMethodAccessorImpl.invoke(DelegatingMethodAccessorImpl.java:43)
at java.lang.reflect.Method.invoke(Method.java:498)
at org.testng.internal.MethodInvocationHelper.invokeMethod(MethodInvocationHelper.java:133)
at org.testng.internal.TestInvoker.invokeMethod(TestInvoker.java:584)
at org.testng.internal.TestInvoker.invokeTestMethod(TestInvoker.java:172)
at org.testng.internal.MethodRunner.runInSequence(MethodRunner.java:46)
at org.testng.internal.TestInvoker$MethodInvocationAgent.invoke(TestInvoker.java:804)
at org.testng.internal.TestInvoker.invokeTestMethods(TestInvoker.java:145)
at org.testng.internal.TestMethodWorker.invokeTestMethods(TestMethodWorker.java:146)
at org.testng.internal.TestMethodWorker.run(TestMethodWorker.java:128)
at java.util.ArrayList.forEach(ArrayList.java:1257)
at org.testng.TestRunner.privateRun(TestRunner.java:770)
at org.testng.TestRunner.run(TestRunner.java:591)
at org.testng.SuiteRunner.runTest(SuiteRunner.java:402)
at org.testng.SuiteRunner.runSequentially(SuiteRunner.java:396)
at org.testng.SuiteRunner.privateRun(SuiteRunner.java:355)
at org.testng.SuiteRunner.run(SuiteRunner.java:304)
at org.testng.SuiteRunnerWorker.runSuite(SuiteRunnerWorker.java:53)
at org.testng.SuiteRunnerWorker.run(SuiteRunnerWorker.java:96)
at org.testng.TestNG.runSuitesSequentially(TestNG.java:1180)
at org.testng.TestNG.runSuitesLocally(TestNG.java:1102)
at org.testng.TestNG.runSuites(TestNG.java:1032)
at org.testng.TestNG.run(TestNG.java:1000)
at org.testng.remote.AbstractRemoteTestNG.run(AbstractRemoteTestNG.java:115)
at org.testng.remote.RemoteTestNG.initAndRun(RemoteTestNG.java:251)
at org.testng.remote.RemoteTestNG.main(RemoteTestNG.java:77)
Caused by: org.openqa.selenium.NoSuchElementException: no such element: Unable to locate element: {"method":"xpath","selector":"//span[normalize-space()='Arhaan Mehdi']"}
  (Session info: chrome=92.0.4515.159)
For documentation on this error, please visit: https://www.seleniumhq.org/exceptions/no_such_element.html
Build info: version: '3.141.59', revision: 'e82be7d358', time: '2018-11-14T08:17:03'
System info: host: 'DESKTOP-NMGB7R5', ip: '192.168.1.4', os.name: 'Windows 10', os.arch: 'amd64', os.version: '10.0', java.version: '1.8.0_211'
Driver info: org.openqa.selenium.chrome.ChromeDriver
Capabilities {acceptInsecureCerts: false, browserName: chrome, browserVersion: 92.0.4515.159, chrome: {chromedriverVersion: 91.0.4472.19 (1bf021f248676..., userDataDir: C:\Users\h\AppData\Local\Te...}, goog:chromeOptions: {debuggerAddress: localhost:61204}, javascriptEnabled: true, networkConnectionEnabled: false, pageLoadStrategy: normal, platform: WINDOWS, platformName: WINDOWS, proxy: Proxy(), setWindowRect: true, strictFileInteractability: false, timeouts: {implicit: 0, pageLoad: 300000, script: 30000}, unhandledPromptBehavior: dismiss and notify, webauthn:extension:largeBlob: true, webauthn:virtualAuthenticators: true}
Session ID: 11d685f719a4033df553a29db6847622
*** Element info: {Using=xpath, value=//span[normalize-space()='Arhaan Mehdi']}
at sun.reflect.GeneratedConstructorAccessor29.newInstance(Unknown Source)
at sun.reflect.DelegatingConstructorAccessorImpl.newInstance(DelegatingConstructorAccessorImpl.java:45)
at java.lang.reflect.Constructor.newInstance(Constructor.java:423)
at org.openqa.selenium.remote.http.W3CHttpResponseCodec.createException(W3CHttpResponseCodec.java:187)
at org.openqa.selenium.remote.http.W3CHttpResponseCodec.decode(W3CHttpResponseCodec.java:122)
at org.openqa.selenium.remote.http.W3CHttpResponseCodec.decode(W3CHttpResponseCodec.java:49)
at org.openqa.selenium.remote.HttpCommandExecutor.execute(HttpCommandExecutor.java:158)
at org.openqa.selenium.remote.service.DriverCommandExecutor.execute(DriverCommandExecutor.java:83)
at org.openqa.selenium.remote.RemoteWebDriver.execute(RemoteWebDriver.java:552)
at org.openqa.selenium.remote.RemoteWebDriver.findElement(RemoteWebDriver.java:323)
at org.openqa.selenium.remote.RemoteWebDriver.findElementByXPath(RemoteWebDriver.java:428)
at org.openqa.selenium.By$ByXPath.findElement(By.java:353)
at org.openqa.selenium.remote.RemoteWebDriver.findElement(RemoteWebDriver.java:315)
at org.openqa.selenium.support.pagefactory.DefaultElementLocator.findElement(DefaultElementLocator.java:69)
at org.openqa.selenium.support.pagefactory.AjaxElementLocator.access$001(AjaxElementLocator.java:39)
at org.openqa.selenium.support.pagefactory.AjaxElementLocator$SlowLoadingElement.isLoaded(AjaxElementLocator.java:165)
at org.openqa.selenium.support.ui.SlowLoadableComponent.get(SlowLoadableComponent.java:72)
at org.openqa.selenium.support.pagefactory.AjaxElementLocator.findElement(AjaxElementLocator.java:95)
... 32 more
]]>
            </full-stacktrace>
          </exception> <!-- org.openqa.selenium.NoSuchElementException -->
          <reporter-output>
          </reporter-output>
        </test-method> <!-- do_AddNewPetForExistingOwnerTest -->
        <test-method status="PASS" signature="tearDown()[pri:0, instance:com.petclinic.testcases.PetsPageTestCases@52af26ee]" name="tearDown" is-config="true" duration-ms="769" started-at="2021-08-23T15:12:56 GST" finished-at="2021-08-23T15:12:57 GST">
          <reporter-output>
          </reporter-output>
        </test-method> <!-- tearDown -->
        <test-method status="PASS" signature="setUp()[pri:0, instance:com.petclinic.testcases.PetsPageTestCases@52af26ee]" name="setUp" is-config="true" duration-ms="2411" started-at="2021-08-23T15:12:57 GST" finished-at="2021-08-23T15:12:59 GST">
          <reporter-output>
          </reporter-output>
        </test-method> <!-- setUp -->
        <test-method status="PASS" signature="do_RedirectToNewVisitPageTest()[pri:3, instance:com.petclinic.testcases.PetsPageTestCases@52af26ee]" name="do_RedirectToNewVisitPageTest" duration-ms="1430" started-at="2021-08-23T15:12:59 GST" finished-at="2021-08-23T15:13:01 GST">
          <reporter-output>
          </reporter-output>
        </test-method> <!-- do_RedirectToNewVisitPageTest -->
        <test-method status="PASS" signature="tearDown()[pri:0, instance:com.petclinic.testcases.PetsPageTestCases@52af26ee]" name="tearDown" is-config="true" duration-ms="1283" started-at="2021-08-23T15:13:01 GST" finished-at="2021-08-23T15:13:02 GST">
          <reporter-output>
          </reporter-output>
        </test-method> <!-- tearDown -->
        <test-method status="PASS" signature="setUp()[pri:0, instance:com.petclinic.testcases.PetsPageTestCases@52af26ee]" name="setUp" is-config="true" duration-ms="2222" started-at="2021-08-23T15:13:02 GST" finished-at="2021-08-23T15:13:04 GST">
          <reporter-output>
          </reporter-output>
        </test-method> <!-- setUp -->
        <test-method status="FAIL" signature="do_CreateNewVistForExistingOwnerTest()[pri:4, instance:com.petclinic.testcases.PetsPageTestCases@52af26ee]" name="do_CreateNewVistForExistingOwnerTest" duration-ms="30325" started-at="2021-08-23T15:13:04 GST" finished-at="2021-08-23T15:13:34 GST">
          <exception class="org.openqa.selenium.NoSuchElementException">
            <message>
              <![CDATA[Timed out after 30 seconds. Unable to locate the element]]>
            </message>
            <full-stacktrace>
              <![CDATA[org.openqa.selenium.NoSuchElementException: Timed out after 30 seconds. Unable to locate the element
at org.openqa.selenium.support.pagefactory.AjaxElementLocator.findElement(AjaxElementLocator.java:99)
at org.openqa.selenium.support.pagefactory.internal.LocatingElementHandler.invoke(LocatingElementHandler.java:38)
at com.sun.proxy.$Proxy12.clear(Unknown Source)
at com.petclinic.actions.PetsPageActions.do_CreateNewVistForExistingOwner(PetsPageActions.java:76)
at com.petclinic.testcases.PetsPageTestCases.do_CreateNewVistForExistingOwnerTest(PetsPageTestCases.java:72)
at sun.reflect.NativeMethodAccessorImpl.invoke0(Native Method)
at sun.reflect.NativeMethodAccessorImpl.invoke(NativeMethodAccessorImpl.java:62)
at sun.reflect.DelegatingMethodAccessorImpl.invoke(DelegatingMethodAccessorImpl.java:43)
at java.lang.reflect.Method.invoke(Method.java:498)
at org.testng.internal.MethodInvocationHelper.invokeMethod(MethodInvocationHelper.java:133)
at org.testng.internal.TestInvoker.invokeMethod(TestInvoker.java:584)
at org.testng.internal.TestInvoker.invokeTestMethod(TestInvoker.java:172)
at org.testng.internal.MethodRunner.runInSequence(MethodRunner.java:46)
at org.testng.internal.TestInvoker$MethodInvocationAgent.invoke(TestInvoker.java:804)
at org.testng.internal.TestInvoker.invokeTestMethods(TestInvoker.java:145)
at org.testng.internal.TestMethodWorker.invokeTestMethods(TestMethodWorker.java:146)
at org.testng.internal.TestMethodWorker.run(TestMethodWorker.java:128)
at java.util.ArrayList.forEach(ArrayList.java:1257)
at org.testng.TestRunner.privateRun(TestRunner.java:770)
at org.testng.TestRunner.run(TestRunner.java:591)
at org.testng.SuiteRunner.runTest(SuiteRunner.java:402)
at org.testng.SuiteRunner.runSequentially(SuiteRunner.java:396)
at org.testng.SuiteRunner.privateRun(SuiteRunner.java:355)
at org.testng.SuiteRunner.run(SuiteRunner.java:304)
at org.testng.SuiteRunnerWorker.runSuite(SuiteRunnerWorker.java:53)
at org.testng.SuiteRunnerWorker.run(SuiteRunnerWorker.java:96)
at org.testng.TestNG.runSuitesSequentially(TestNG.java:1180)
at org.testng.TestNG.runSuitesLocally(TestNG.java:1102)
at org.testng.TestNG.runSuites(TestNG.java:1032)
at org.testng.TestNG.run(TestNG.java:1000)
at org.testng.remote.AbstractRemoteTestNG.run(AbstractRemoteTestNG.java:115)
at org.testng.remote.RemoteTestNG.initAndRun(RemoteTestNG.java:251)
at org.testng.remote.RemoteTestNG.main(RemoteTestNG.java:77)
Caused by: org.openqa.selenium.NoSuchElementException: no such element: Unable to locate element: {"method":"css selector","selector":"#date"}
  (Session info: chrome=92.0.4515.159)
For documentation on this error, please visit: https://www.seleniumhq.org/exceptions/no_such_element.html
Build info: version: '3.141.59', revision: 'e82be7d358', time: '2018-11-14T08:17:03'
System info: host: 'DESKTOP-NMGB7R5', ip: '192.168.1.4', os.name: 'Windows 10', os.arch: 'amd64', os.version: '10.0', java.version: '1.8.0_211'
Driver info: org.openqa.selenium.chrome.ChromeDriver
Capabilities {acceptInsecureCerts: false, browserName: chrome, browserVersion: 92.0.4515.159, chrome: {chromedriverVersion: 91.0.4472.19 (1bf021f248676..., userDataDir: C:\Users\h\AppData\Local\Te...}, goog:chromeOptions: {debuggerAddress: localhost:64678}, javascriptEnabled: true, networkConnectionEnabled: false, pageLoadStrategy: normal, platform: WINDOWS, platformName: WINDOWS, proxy: Proxy(), setWindowRect: true, strictFileInteractability: false, timeouts: {implicit: 0, pageLoad: 300000, script: 30000}, unhandledPromptBehavior: dismiss and notify, webauthn:extension:largeBlob: true, webauthn:virtualAuthenticators: true}
Session ID: 3c74c08f8b018a26a072a93a3a9993b1
*** Element info: {Using=css selector, value=#date}
at sun.reflect.GeneratedConstructorAccessor29.newInstance(Unknown Source)
at sun.reflect.DelegatingConstructorAccessorImpl.newInstance(DelegatingConstructorAccessorImpl.java:45)
at java.lang.reflect.Constructor.newInstance(Constructor.java:423)
at org.openqa.selenium.remote.http.W3CHttpResponseCodec.createException(W3CHttpResponseCodec.java:187)
at org.openqa.selenium.remote.http.W3CHttpResponseCodec.decode(W3CHttpResponseCodec.java:122)
at org.openqa.selenium.remote.http.W3CHttpResponseCodec.decode(W3CHttpResponseCodec.java:49)
at org.openqa.selenium.remote.HttpCommandExecutor.execute(HttpCommandExecutor.java:158)
at org.openqa.selenium.remote.service.DriverCommandExecutor.execute(DriverCommandExecutor.java:83)
at org.openqa.selenium.remote.RemoteWebDriver.execute(RemoteWebDriver.java:552)
at org.openqa.selenium.remote.RemoteWebDriver.findElement(RemoteWebDriver.java:323)
at org.openqa.selenium.remote.RemoteWebDriver.findElementByCssSelector(RemoteWebDriver.java:420)
at org.openqa.selenium.By$ByCssSelector.findElement(By.java:431)
at org.openqa.selenium.remote.RemoteWebDriver.findElement(RemoteWebDriver.java:315)
at org.openqa.selenium.support.pagefactory.DefaultElementLocator.findElement(DefaultElementLocator.java:69)
at org.openqa.selenium.support.pagefactory.AjaxElementLocator.access$001(AjaxElementLocator.java:39)
at org.openqa.selenium.support.pagefactory.AjaxElementLocator$SlowLoadingElement.isLoaded(AjaxElementLocator.java:165)
at org.openqa.selenium.support.ui.SlowLoadableComponent.get(SlowLoadableComponent.java:72)
at org.openqa.selenium.support.pagefactory.AjaxElementLocator.findElement(AjaxElementLocator.java:95)
... 32 more
]]>
            </full-stacktrace>
          </exception> <!-- org.openqa.selenium.NoSuchElementException -->
          <reporter-output>
          </reporter-output>
        </test-method> <!-- do_CreateNewVistForExistingOwnerTest -->
        <test-method status="PASS" signature="tearDown()[pri:0, instance:com.petclinic.testcases.PetsPageTestCases@52af26ee]" name="tearDown" is-config="true" duration-ms="739" started-at="2021-08-23T15:13:34 GST" finished-at="2021-08-23T15:13:35 GST">
          <reporter-output>
          </reporter-output>
        </test-method> <!-- tearDown -->
        <test-method status="PASS" signature="setUp()[pri:0, instance:com.petclinic.testcases.PetsPageTestCases@52af26ee]" name="setUp" is-config="true" duration-ms="2111" started-at="2021-08-23T15:13:35 GST" finished-at="2021-08-23T15:13:37 GST">
          <reporter-output>
          </reporter-output>
        </test-method> <!-- setUp -->
        <test-method status="PASS" signature="do_PetsandVisitDetailsTest()[pri:5, instance:com.petclinic.testcases.PetsPageTestCases@52af26ee]" name="do_PetsandVisitDetailsTest" duration-ms="1254" started-at="2021-08-23T15:13:37 GST" finished-at="2021-08-23T15:13:38 GST">
          <reporter-output>
          </reporter-output>
        </test-method> <!-- do_PetsandVisitDetailsTest -->
        <test-method status="PASS" signature="tearDown()[pri:0, instance:com.petclinic.testcases.PetsPageTestCases@52af26ee]" name="tearDown" is-config="true" duration-ms="854" started-at="2021-08-23T15:13:38 GST" finished-at="2021-08-23T15:13:39 GST">
          <reporter-output>
          </reporter-output>
        </test-method> <!-- tearDown -->
      </class> <!-- com.petclinic.testcases.PetsPageTestCases -->
      <class name="com.petclinic.testcases.OwnersPageTestCases">
        <test-method status="PASS" signature="setUp()[pri:0, instance:com.petclinic.testcases.OwnersPageTestCases@74751b3]" name="setUp" is-config="true" duration-ms="3586" started-at="2021-08-23T15:11:57 GST" finished-at="2021-08-23T15:12:01 GST">
          <reporter-output>
          </reporter-output>
        </test-method> <!-- setUp -->
        <test-method status="PASS" signature="do_AddNewOwnerTest(java.lang.String, java.lang.String, java.lang.String, java.lang.String, java.lang.String)[pri:1, instance:com.petclinic.testcases.OwnersPageTestCases@74751b3]" name="do_AddNewOwnerTest" duration-ms="1587" started-at="2021-08-23T15:12:11 GST" data-provider="do_OwnerData" finished-at="2021-08-23T15:12:12 GST">
          <params>
            <param index="0">
              <value>
                <![CDATA[Alex]]>
              </value>
            </param>
            <param index="1">
              <value>
                <![CDATA[Peter]]>
              </value>
            </param>
            <param index="2">
              <value>
                <![CDATA[Street302]]>
              </value>
            </param>
            <param index="3">
              <value>
                <![CDATA[NewYork]]>
              </value>
            </param>
            <param index="4">
              <value>
                <![CDATA[544055667]]>
              </value>
            </param>
          </params>
          <reporter-output>
          </reporter-output>
        </test-method> <!-- do_AddNewOwnerTest -->
        <test-method status="PASS" signature="do_AddNewOwnerTest(java.lang.String, java.lang.String, java.lang.String, java.lang.String, java.lang.String)[pri:1, instance:com.petclinic.testcases.OwnersPageTestCases@74751b3]" name="do_AddNewOwnerTest" duration-ms="1387" started-at="2021-08-23T15:12:12 GST" data-provider="do_OwnerData" finished-at="2021-08-23T15:12:14 GST">
          <params>
            <param index="0">
              <value>
                <![CDATA[Jan]]>
              </value>
            </param>
            <param index="1">
              <value>
                <![CDATA[William]]>
              </value>
            </param>
            <param index="2">
              <value>
                <![CDATA[6th Street]]>
              </value>
            </param>
            <param index="3">
              <value>
                <![CDATA[Dubai]]>
              </value>
            </param>
            <param index="4">
              <value>
                <![CDATA[5443333]]>
              </value>
            </param>
          </params>
          <reporter-output>
          </reporter-output>
        </test-method> <!-- do_AddNewOwnerTest -->
        <test-method status="PASS" signature="do_UpdateExistingOwnerDetailsTest()[pri:2, instance:com.petclinic.testcases.OwnersPageTestCases@74751b3]" name="do_UpdateExistingOwnerDetailsTest" duration-ms="1389" started-at="2021-08-23T15:12:14 GST" finished-at="2021-08-23T15:12:15 GST">
          <reporter-output>
          </reporter-output>
        </test-method> <!-- do_UpdateExistingOwnerDetailsTest -->
        <test-method status="FAIL" signature="do_FindOwnerByLastNameTest()[pri:3, instance:com.petclinic.testcases.OwnersPageTestCases@74751b3]" name="do_FindOwnerByLastNameTest" duration-ms="516" started-at="2021-08-23T15:12:15 GST" finished-at="2021-08-23T15:12:16 GST">
          <exception class="org.openqa.selenium.NoSuchSessionException">
            <message>
              <![CDATA[Session ID is null. Using WebDriver after calling quit()?
Build info: version: '3.141.59', revision: 'e82be7d358', time: '2018-11-14T08:17:03'
System info: host: 'DESKTOP-NMGB7R5', ip: '192.168.1.4', os.name: 'Windows 10', os.arch: 'amd64', os.version: '10.0', java.version: '1.8.0_211'
Driver info: driver.version: RemoteWebDriver]]>
            </message>
            <full-stacktrace>
              <![CDATA[org.openqa.selenium.NoSuchSessionException: Session ID is null. Using WebDriver after calling quit()?
Build info: version: '3.141.59', revision: 'e82be7d358', time: '2018-11-14T08:17:03'
System info: host: 'DESKTOP-NMGB7R5', ip: '192.168.1.4', os.name: 'Windows 10', os.arch: 'amd64', os.version: '10.0', java.version: '1.8.0_211'
Driver info: driver.version: RemoteWebDriver
at org.openqa.selenium.remote.HttpCommandExecutor.execute(HttpCommandExecutor.java:125)
at org.openqa.selenium.remote.service.DriverCommandExecutor.execute(DriverCommandExecutor.java:83)
at org.openqa.selenium.remote.RemoteWebDriver.execute(RemoteWebDriver.java:552)
at org.openqa.selenium.remote.RemoteWebDriver.execute(RemoteWebDriver.java:609)
at org.openqa.selenium.remote.RemoteWebDriver.getCurrentUrl(RemoteWebDriver.java:287)
at com.petclinic.actions.OwnersPageActions.do_FindOwnerByLastName(OwnersPageActions.java:87)
at com.petclinic.testcases.OwnersPageTestCases.do_FindOwnerByLastNameTest(OwnersPageTestCases.java:78)
at sun.reflect.NativeMethodAccessorImpl.invoke0(Native Method)
at sun.reflect.NativeMethodAccessorImpl.invoke(NativeMethodAccessorImpl.java:62)
at sun.reflect.DelegatingMethodAccessorImpl.invoke(DelegatingMethodAccessorImpl.java:43)
at java.lang.reflect.Method.invoke(Method.java:498)
at org.testng.internal.MethodInvocationHelper.invokeMethod(MethodInvocationHelper.java:133)
at org.testng.internal.TestInvoker.invokeMethod(TestInvoker.java:584)
at org.testng.internal.TestInvoker.invokeTestMethod(TestInvoker.java:172)
at org.testng.internal.MethodRunner.runInSequence(MethodRunner.java:46)
at org.testng.internal.TestInvoker$MethodInvocationAgent.invoke(TestInvoker.java:804)
at org.testng.internal.TestInvoker.invokeTestMethods(TestInvoker.java:145)
at org.testng.internal.TestMethodWorker.invokeTestMethods(TestMethodWorker.java:146)
at org.testng.internal.TestMethodWorker.run(TestMethodWorker.java:128)
at java.util.ArrayList.forEach(ArrayList.java:1257)
at org.testng.TestRunner.privateRun(TestRunner.java:770)
at org.testng.TestRunner.run(TestRunner.java:591)
at org.testng.SuiteRunner.runTest(SuiteRunner.java:402)
at org.testng.SuiteRunner.runSequentially(SuiteRunner.java:396)
at org.testng.SuiteRunner.privateRun(SuiteRunner.java:355)
at org.testng.SuiteRunner.run(SuiteRunner.java:304)
at org.testng.SuiteRunnerWorker.runSuite(SuiteRunnerWorker.java:53)
at org.testng.SuiteRunnerWorker.run(SuiteRunnerWorker.java:96)
at org.testng.TestNG.runSuitesSequentially(TestNG.java:1180)
at org.testng.TestNG.runSuitesLocally(TestNG.java:1102)
at org.testng.TestNG.runSuites(TestNG.java:1032)
at org.testng.TestNG.run(TestNG.java:1000)
at org.testng.remote.AbstractRemoteTestNG.run(AbstractRemoteTestNG.java:115)
at org.testng.remote.RemoteTestNG.initAndRun(RemoteTestNG.java:251)
at org.testng.remote.RemoteTestNG.main(RemoteTestNG.java:77)
]]>
            </full-stacktrace>
          </exception> <!-- org.openqa.selenium.NoSuchSessionException -->
          <reporter-output>
          </reporter-output>
        </test-method> <!-- do_FindOwnerByLastNameTest -->
        <test-method status="PASS" signature="tearDown()[pri:0, instance:com.petclinic.testcases.OwnersPageTestCases@74751b3]" name="tearDown" is-config="true" duration-ms="0" started-at="2021-08-23T15:13:39 GST" finished-at="2021-08-23T15:13:39 GST">
          <reporter-output>
          </reporter-output>
        </test-method> <!-- tearDown -->
      </class> <!-- com.petclinic.testcases.OwnersPageTestCases -->
      <class name="com.petclinic.testcases.VeterinariansPageTestCases">
        <test-method status="PASS" signature="setUp()[pri:0, instance:com.petclinic.testcases.VeterinariansPageTestCases@306e95ec]" name="setUp" is-config="true" duration-ms="2229" started-at="2021-08-23T15:12:16 GST" finished-at="2021-08-23T15:12:18 GST">
          <reporter-output>
          </reporter-output>
        </test-method> <!-- setUp -->
        <test-method status="PASS" signature="do_ViewListOfVeterinariansTest()[pri:1, instance:com.petclinic.testcases.VeterinariansPageTestCases@306e95ec]" name="do_ViewListOfVeterinariansTest" duration-ms="333" started-at="2021-08-23T15:12:18 GST" finished-at="2021-08-23T15:12:18 GST">
          <reporter-output>
          </reporter-output>
        </test-method> <!-- do_ViewListOfVeterinariansTest -->
        <test-method status="PASS" signature="tearDown()[pri:0, instance:com.petclinic.testcases.VeterinariansPageTestCases@306e95ec]" name="tearDown" is-config="true" duration-ms="762" started-at="2021-08-23T15:12:18 GST" finished-at="2021-08-23T15:12:19 GST">
          <reporter-output>
          </reporter-output>
        </test-method> <!-- tearDown -->
      </class> <!-- com.petclinic.testcases.VeterinariansPageTestCases -->
    </test> <!-- Functional Test -->
  </suite> <!-- Suite -->
</testng-results>
